# JRE version: OpenJDK Runtime Environment (25.0.2) (build 25.0.2+-15348964-b329.117)
# Java VM: OpenJDK 64-Bit Server VM (25.0.2+-15348964-b329.117, mixed mode, tiered, compressed oops, compressed class ptrs, g1 gc, windows-amd64)
GC Precious Log:
 CardTable entry size: 512
 Card Set container configuration: InlinePtr #cards 4 size 8 Array Of Cards #cards 16 size 48 Howl #buckets 8 coarsen threshold 3686 Howl Bitmap #cards 512 size 80 coarsen threshold 460 Card regions per heap region 1 cards per card region 4096
 CPUs: 8 total, 8 available
 Memory: 7872M
 Large Page Support: Disabled
 NUMA Support: Disabled
 Compressed Oops: Enabled (Zero based)
 Heap Region Size: 2M
 Heap Min Capacity: 8M
 Heap Initial Capacity: 124M
 Heap Max Capacity: 4G
 Pre-touch: Disabled
 Parallel Workers: 8
 Concurrent Workers: 2
 Concurrent Refinement Workers: 8
 Periodic GC: Disabled
Heap:
 garbage-first heap   total reserved 4194304K, committed 108544K, used 84985K [0x0000000700000000, 0x0000000800000000)
  region size 2048K, 23 young (47104K), 1 survivors (2048K)
GC Heap Usage History (20 events):
Event: 8.570 {heap Before GC invocations=5 (full 0):
 garbage-first heap   total reserved 4194304K, committed 75776K, used 71727K [0x0000000700000000, 0x0000000800000000)
  region size 2048K, 31 young (63488K), 5 survivors (10240K)
}
Event: 8.596 {heap After GC invocations=6 (full 0):
 garbage-first heap   total reserved 4194304K, committed 90112K, used 23104K [0x0000000700000000, 0x0000000800000000)
  region size 2048K, 2 young (4096K), 2 survivors (4096K)
}
Event: 10.473 {heap Before GC invocations=6 (full 0):
 garbage-first heap   total reserved 4194304K, committed 90112K, used 62016K [0x0000000700000000, 0x0000000800000000)
  region size 2048K, 22 young (45056K), 2 survivors (4096K)
}
Event: 10.487 {heap After GC invocations=7 (full 0):
 garbage-first heap   total reserved 4194304K, committed 90112K, used 25516K [0x0000000700000000, 0x0000000800000000)
  region size 2048K, 3 young (6144K), 3 survivors (6144K)
}
Event: 12.351 {heap Before GC invocations=8 (full 0):
 garbage-first heap   total reserved 4194304K, committed 90112K, used 68524K [0x0000000700000000, 0x0000000800000000)
  region size 2048K, 24 young (49152K), 3 survivors (6144K)
}
Event: 12.367 {heap After GC invocations=9 (full 0):
 garbage-first heap   total reserved 4194304K, committed 90112K, used 27897K [0x0000000700000000, 0x0000000800000000)
  region size 2048K, 3 young (6144K), 3 survivors (6144K)
}
Event: 14.366 {heap Before GC invocations=9 (full 0):
 garbage-first heap   total reserved 4194304K, committed 90112K, used 70905K [0x0000000700000000, 0x0000000800000000)
  region size 2048K, 24 young (49152K), 3 survivors (6144K)
}
Event: 14.382 {heap After GC invocations=10 (full 0):
 garbage-first heap   total reserved 4194304K, committed 90112K, used 29868K [0x0000000700000000, 0x0000000800000000)
  region size 2048K, 3 young (6144K), 3 survivors (6144K)
}
Event: 16.127 {heap Before GC invocations=10 (full 0):
 garbage-first heap   total reserved 4194304K, committed 90112K, used 72876K [0x0000000700000000, 0x0000000800000000)
  region size 2048K, 24 young (49152K), 3 survivors (6144K)
}
Event: 16.143 {heap After GC invocations=11 (full 0):
 garbage-first heap   total reserved 4194304K, committed 90112K, used 32481K [0x0000000700000000, 0x0000000800000000)
  region size 2048K, 3 young (6144K), 3 survivors (6144K)
}
Event: 17.380 {heap Before GC invocations=11 (full 0):
 garbage-first heap   total reserved 4194304K, committed 90112K, used 75489K [0x0000000700000000, 0x0000000800000000)
  region size 2048K, 24 young (49152K), 3 survivors (6144K)
}
Event: 17.399 {heap After GC invocations=12 (full 0):
 garbage-first heap   total reserved 4194304K, committed 90112K, used 34973K [0x0000000700000000, 0x0000000800000000)
  region size 2048K, 3 young (6144K), 3 survivors (6144K)
}
Event: 18.971 {heap Before GC invocations=12 (full 0):
 garbage-first heap   total reserved 4194304K, committed 90112K, used 73885K [0x0000000700000000, 0x0000000800000000)
  region size 2048K, 23 young (47104K), 3 survivors (6144K)
}
Event: 18.988 {heap After GC invocations=13 (full 0):
 garbage-first heap   total reserved 4194304K, committed 90112K, used 37345K [0x0000000700000000, 0x0000000800000000)
  region size 2048K, 3 young (6144K), 3 survivors (6144K)
}
Event: 21.470 {heap Before GC invocations=14 (full 0):
 garbage-first heap   total reserved 4194304K, committed 90112K, used 78305K [0x0000000700000000, 0x0000000800000000)
  region size 2048K, 23 young (47104K), 3 survivors (6144K)
}
Event: 21.488 {heap After GC invocations=15 (full 0):
 garbage-first heap   total reserved 4194304K, committed 90112K, used 40960K [0x0000000700000000, 0x0000000800000000)
  region size 2048K, 3 young (6144K), 3 survivors (6144K)
}
Event: 22.327 {heap Before GC invocations=15 (full 0):
 garbage-first heap   total reserved 4194304K, committed 90112K, used 79872K [0x0000000700000000, 0x0000000800000000)
  region size 2048K, 22 young (45056K), 3 survivors (6144K)
}
Event: 22.347 {heap After GC invocations=16 (full 0):
 garbage-first heap   total reserved 4194304K, committed 108544K, used 42128K [0x0000000700000000, 0x0000000800000000)
  region size 2048K, 1 young (2048K), 1 survivors (2048K)
}
Event: 23.883 {heap Before GC invocations=16 (full 0):
 garbage-first heap   total reserved 4194304K, committed 108544K, used 95376K [0x0000000700000000, 0x0000000800000000)
  region size 2048K, 27 young (55296K), 1 survivors (2048K)
}
Event: 23.887 {heap After GC invocations=17 (full 0):
 garbage-first heap   total reserved 4194304K, committed 108544K, used 41977K [0x0000000700000000, 0x0000000800000000)
  region size 2048K, 1 young (2048K), 1 survivors (2048K)
}

