# JRE version: OpenJDK Runtime Environment (25.0.2) (build 25.0.2+-15348964-b329.117)
# Java VM: OpenJDK 64-Bit Server VM (25.0.2+-15348964-b329.117, mixed mode, tiered, compressed oops, compressed class ptrs, g1 gc, windows-amd64)
GC Precious Log:
 CardTable entry size: 512
 Card Set container configuration: InlinePtr #cards 4 size 8 Array Of Cards #cards 16 size 48 Howl #buckets 8 coarsen threshold 3686 Howl Bitmap #cards 512 size 80 coarsen threshold 460 Card regions per heap region 1 cards per card region 4096
 CPUs: 8 total, 8 available
 Memory: 7872M
 Large Page Support: Disabled
 NUMA Support: Disabled
 Compressed Oops: Enabled (Zero based)
 Heap Region Size: 2M
 Heap Min Capacity: 8M
 Heap Initial Capacity: 124M
 Heap Max Capacity: 4G
 Pre-touch: Disabled
 Parallel Workers: 8
 Concurrent Workers: 2
 Concurrent Refinement Workers: 8
 Periodic GC: Disabled
Heap:
 garbage-first heap   total reserved 4194304K, committed 90112K, used 53075K [0x0000000700000000, 0x0000000800000000)
  region size 2048K, 2 young (4096K), 1 survivors (2048K)
GC Heap Usage History (18 events):
Event: 14.531 {heap Before GC invocations=0 (full 0):
 garbage-first heap   total reserved 4194304K, committed 126976K, used 51200K [0x0000000700000000, 0x0000000800000000)
  region size 2048K, 24 young (49152K), 0 survivors (0K)
}
Event: 14.548 {heap After GC invocations=1 (full 0):
 garbage-first heap   total reserved 4194304K, committed 126976K, used 12288K [0x0000000700000000, 0x0000000800000000)
  region size 2048K, 3 young (6144K), 3 survivors (6144K)
}
Event: 26.442 {heap Before GC invocations=1 (full 0):
 garbage-first heap   total reserved 4194304K, committed 126976K, used 61440K [0x0000000700000000, 0x0000000800000000)
  region size 2048K, 27 young (55296K), 3 survivors (6144K)
}
Event: 26.466 {heap After GC invocations=2 (full 0):
 garbage-first heap   total reserved 4194304K, committed 126976K, used 20042K [0x0000000700000000, 0x0000000800000000)
  region size 2048K, 4 young (8192K), 4 survivors (8192K)
}
Event: 29.238 {heap Before GC invocations=2 (full 0):
 garbage-first heap   total reserved 4194304K, committed 126976K, used 32330K [0x0000000700000000, 0x0000000800000000)
  region size 2048K, 11 young (22528K), 4 survivors (8192K)
}
Event: 29.252 {heap After GC invocations=3 (full 0):
 garbage-first heap   total reserved 4194304K, committed 126976K, used 22073K [0x0000000700000000, 0x0000000800000000)
  region size 2048K, 1 young (2048K), 1 survivors (2048K)
}
Event: 36.878 {heap Before GC invocations=4 (full 0):
 garbage-first heap   total reserved 4194304K, committed 75776K, used 65081K [0x0000000700000000, 0x0000000800000000)
  region size 2048K, 22 young (45056K), 1 survivors (2048K)
}
Event: 36.894 {heap After GC invocations=5 (full 0):
 garbage-first heap   total reserved 4194304K, committed 75776K, used 24241K [0x0000000700000000, 0x0000000800000000)
  region size 2048K, 2 young (4096K), 2 survivors (4096K)
}
Event: 40.815 {heap Before GC invocations=5 (full 0):
 garbage-first heap   total reserved 4194304K, committed 75776K, used 57009K [0x0000000700000000, 0x0000000800000000)
  region size 2048K, 18 young (36864K), 2 survivors (4096K)
}
Event: 40.829 {heap After GC invocations=6 (full 0):
 garbage-first heap   total reserved 4194304K, committed 75776K, used 26018K [0x0000000700000000, 0x0000000800000000)
  region size 2048K, 3 young (6144K), 3 survivors (6144K)
}
Event: 41.483 {heap Before GC invocations=6 (full 0):
 garbage-first heap   total reserved 4194304K, committed 75776K, used 44450K [0x0000000700000000, 0x0000000800000000)
  region size 2048K, 13 young (26624K), 3 survivors (6144K)
}
Event: 41.493 {heap After GC invocations=7 (full 0):
 garbage-first heap   total reserved 4194304K, committed 75776K, used 27248K [0x0000000700000000, 0x0000000800000000)
  region size 2048K, 2 young (4096K), 2 survivors (4096K)
}
Event: 42.605 {heap Before GC invocations=8 (full 0):
 garbage-first heap   total reserved 4194304K, committed 75776K, used 64112K [0x0000000700000000, 0x0000000800000000)
  region size 2048K, 18 young (36864K), 2 survivors (4096K)
}
Event: 42.615 {heap After GC invocations=9 (full 0):
 garbage-first heap   total reserved 4194304K, committed 77824K, used 39923K [0x0000000700000000, 0x0000000800000000)
  region size 2048K, 3 young (6144K), 3 survivors (6144K)
}
Event: 43.930 {heap Before GC invocations=9 (full 0):
 garbage-first heap   total reserved 4194304K, committed 77824K, used 68595K [0x0000000700000000, 0x0000000800000000)
  region size 2048K, 15 young (30720K), 3 survivors (6144K)
}
Event: 43.939 {heap After GC invocations=10 (full 0):
 garbage-first heap   total reserved 4194304K, committed 83968K, used 51148K [0x0000000700000000, 0x0000000800000000)
  region size 2048K, 2 young (4096K), 2 survivors (4096K)
}
Event: 44.792 {heap Before GC invocations=10 (full 0):
 garbage-first heap   total reserved 4194304K, committed 83968K, used 71628K [0x0000000700000000, 0x0000000800000000)
  region size 2048K, 12 young (24576K), 2 survivors (4096K)
}
Event: 44.798 {heap After GC invocations=11 (full 0):
 garbage-first heap   total reserved 4194304K, committed 83968K, used 52164K [0x0000000700000000, 0x0000000800000000)
  region size 2048K, 1 young (2048K), 1 survivors (2048K)
}

