# JRE version: OpenJDK Runtime Environment (25.0.2) (build 25.0.2+-15348964-b329.117)
# Java VM: OpenJDK 64-Bit Server VM (25.0.2+-15348964-b329.117, mixed mode, tiered, compressed oops, compressed class ptrs, g1 gc, windows-amd64)
GC Precious Log:
 CardTable entry size: 512
 Card Set container configuration: InlinePtr #cards 4 size 8 Array Of Cards #cards 16 size 48 Howl #buckets 8 coarsen threshold 3686 Howl Bitmap #cards 512 size 80 coarsen threshold 460 Card regions per heap region 1 cards per card region 4096
 CPUs: 8 total, 8 available
 Memory: 7872M
 Large Page Support: Disabled
 NUMA Support: Disabled
 Compressed Oops: Enabled (Zero based)
 Heap Region Size: 2M
 Heap Min Capacity: 8M
 Heap Initial Capacity: 124M
 Heap Max Capacity: 4G
 Pre-touch: Disabled
 Parallel Workers: 8
 Concurrent Workers: 2
 Concurrent Refinement Workers: 8
 Periodic GC: Disabled
Heap:
 garbage-first heap   total reserved 4194304K, committed 151552K, used 45091K [0x0000000700000000, 0x0000000800000000)
  region size 2048K, 3 young (6144K), 3 survivors (6144K)
GC Heap Usage History (20 events):
Event: 12.728 {heap After GC invocations=17 (full 0):
 garbage-first heap   total reserved 4194304K, committed 122880K, used 42398K [0x0000000700000000, 0x0000000800000000)
  region size 2048K, 3 young (6144K), 3 survivors (6144K)
}
Event: 13.025 {heap Before GC invocations=17 (full 0):
 garbage-first heap   total reserved 4194304K, committed 122880K, used 107934K [0x0000000700000000, 0x0000000800000000)
  region size 2048K, 35 young (71680K), 3 survivors (6144K)
}
Event: 13.033 {heap After GC invocations=18 (full 0):
 garbage-first heap   total reserved 4194304K, committed 122880K, used 42593K [0x0000000700000000, 0x0000000800000000)
  region size 2048K, 3 young (6144K), 3 survivors (6144K)
}
Event: 13.339 {heap Before GC invocations=19 (full 0):
 garbage-first heap   total reserved 4194304K, committed 122880K, used 110177K [0x0000000700000000, 0x0000000800000000)
  region size 2048K, 36 young (73728K), 3 survivors (6144K)
}
Event: 13.347 {heap After GC invocations=20 (full 0):
 garbage-first heap   total reserved 4194304K, committed 122880K, used 42601K [0x0000000700000000, 0x0000000800000000)
  region size 2048K, 3 young (6144K), 3 survivors (6144K)
}
Event: 13.672 {heap Before GC invocations=20 (full 0):
 garbage-first heap   total reserved 4194304K, committed 122880K, used 110185K [0x0000000700000000, 0x0000000800000000)
  region size 2048K, 36 young (73728K), 3 survivors (6144K)
}
Event: 13.682 {heap After GC invocations=21 (full 0):
 garbage-first heap   total reserved 4194304K, committed 122880K, used 42875K [0x0000000700000000, 0x0000000800000000)
  region size 2048K, 3 young (6144K), 3 survivors (6144K)
}
Event: 13.968 {heap Before GC invocations=21 (full 0):
 garbage-first heap   total reserved 4194304K, committed 122880K, used 110459K [0x0000000700000000, 0x0000000800000000)
  region size 2048K, 36 young (73728K), 3 survivors (6144K)
}
Event: 13.978 {heap After GC invocations=22 (full 0):
 garbage-first heap   total reserved 4194304K, committed 151552K, used 43181K [0x0000000700000000, 0x0000000800000000)
  region size 2048K, 3 young (6144K), 3 survivors (6144K)
}
Event: 14.351 {heap Before GC invocations=23 (full 0):
 garbage-first heap   total reserved 4194304K, committed 151552K, used 127149K [0x0000000700000000, 0x0000000800000000)
  region size 2048K, 44 young (90112K), 3 survivors (6144K)
}
Event: 14.362 {heap After GC invocations=24 (full 0):
 garbage-first heap   total reserved 4194304K, committed 151552K, used 43314K [0x0000000700000000, 0x0000000800000000)
  region size 2048K, 3 young (6144K), 3 survivors (6144K)
}
Event: 14.780 {heap Before GC invocations=24 (full 0):
 garbage-first heap   total reserved 4194304K, committed 151552K, used 127282K [0x0000000700000000, 0x0000000800000000)
  region size 2048K, 44 young (90112K), 3 survivors (6144K)
}
Event: 14.790 {heap After GC invocations=25 (full 0):
 garbage-first heap   total reserved 4194304K, committed 151552K, used 43616K [0x0000000700000000, 0x0000000800000000)
  region size 2048K, 4 young (8192K), 4 survivors (8192K)
}
Event: 15.097 {heap Before GC invocations=25 (full 0):
 garbage-first heap   total reserved 4194304K, committed 151552K, used 125536K [0x0000000700000000, 0x0000000800000000)
  region size 2048K, 44 young (90112K), 4 survivors (8192K)
}
Event: 15.108 {heap After GC invocations=26 (full 0):
 garbage-first heap   total reserved 4194304K, committed 151552K, used 44356K [0x0000000700000000, 0x0000000800000000)
  region size 2048K, 4 young (8192K), 4 survivors (8192K)
}
Event: 15.372 {heap Before GC invocations=27 (full 0):
 garbage-first heap   total reserved 4194304K, committed 151552K, used 126276K [0x0000000700000000, 0x0000000800000000)
  region size 2048K, 44 young (90112K), 4 survivors (8192K)
}
Event: 15.381 {heap After GC invocations=28 (full 0):
 garbage-first heap   total reserved 4194304K, committed 151552K, used 43951K [0x0000000700000000, 0x0000000800000000)
  region size 2048K, 4 young (8192K), 4 survivors (8192K)
}
Event: 15.684 {heap Before GC invocations=28 (full 0):
 garbage-first heap   total reserved 4194304K, committed 151552K, used 125871K [0x0000000700000000, 0x0000000800000000)
  region size 2048K, 44 young (90112K), 4 survivors (8192K)
}
Event: 15.696 {heap After GC invocations=29 (full 0):
 garbage-first heap   total reserved 4194304K, committed 151552K, used 44187K [0x0000000700000000, 0x0000000800000000)
  region size 2048K, 2 young (4096K), 2 survivors (4096K)
}
Event: 16.090 {heap Before GC invocations=29 (full 0):
 garbage-first heap   total reserved 4194304K, committed 151552K, used 128155K [0x0000000700000000, 0x0000000800000000)
  region size 2048K, 44 young (90112K), 2 survivors (4096K)
}

